<?xml version="1.0" encoding="UTF-8"?>
<!-- Generated by org.testng.reporters.JUnitReportReporter -->
<testsuite skipped="0" hostname="nbmtp-033" name="mtp.com.br.PrimeiroTeste" tests="1" failures="0" timestamp="08 dez 2017 11:44:02 GMT" time="19.426" errors="0">
  <testcase name="PrimeiroTeste" time="19.426" classname="mtp.com.br.PrimeiroTeste"/>
</testsuite> <!-- mtp.com.br.PrimeiroTeste -->
