<?xml version="1.0" encoding="UTF-8"?>
<!-- Generated by org.testng.reporters.JUnitReportReporter -->
<testsuite skipped="0" hostname="nbmtp-033" name="openshopio.steps.SegundoTeste" tests="1" failures="0" timestamp="10 dez 2017 11:41:52 GMT" time="13.769" errors="0">
  <testcase name="PrimeiroTeste" time="13.769" classname="openshopio.steps.SegundoTeste"/>
</testsuite> <!-- openshopio.steps.SegundoTeste -->
