<?xml version="1.0" encoding="UTF-8"?>
<!-- Generated by org.testng.reporters.JUnitReportReporter -->
<testsuite skipped="0" hostname="nbmtp-033" name="mtp.com.br.SegundoTeste" tests="1" failures="0" timestamp="08 dez 2017 11:58:55 GMT" time="17.537" errors="0">
  <testcase name="PrimeiroTestex" time="17.537" classname="mtp.com.br.SegundoTeste"/>
</testsuite> <!-- mtp.com.br.SegundoTeste -->
