<?xml version="1.0" encoding="UTF-8"?>
<!-- Generated by org.testng.reporters.JUnitReportReporter -->
<testsuite skipped="0" hostname="nbmtp-033" name="openshopio.tests.SegundoTeste" tests="1" failures="0" timestamp="10 dez 2017 10:15:39 GMT" time="25.286" errors="0">
  <testcase name="PrimeiroTeste" time="25.286" classname="openshopio.tests.SegundoTeste"/>
</testsuite> <!-- openshopio.tests.SegundoTeste -->
